<?xml version="1.0" encoding="utf-8"?><testsuites><testsuite name="pytest" errors="0" failures="0" skipped="0" tests="3" time="1.132" timestamp="2024-04-12T03:32:50.987964" hostname="7327f2b36629"><testcase classname="tests.test_prediction" name="test_single_pred_not_none" time="0.020" /><testcase classname="tests.test_prediction" name="test_single_pred_str_type" time="0.024" /><testcase classname="tests.test_prediction" name="test_single_pred_validate" time="0.025" /></testsuite></testsuites>